{"/Users/veronika/Lighthouse/blogposts_backend_challenge/routes/posts.js": {"path":"/Users/veronika/Lighthouse/blogposts_backend_challenge/routes/posts.js","statementMap":{"0":{"start":{"line":2,"column":16},"end":{"line":2,"column":34}},"1":{"start":{"line":3,"column":15},"end":{"line":3,"column":31}},"2":{"start":{"line":4,"column":54},"end":{"line":4,"column":79}},"3":{"start":{"line":6,"column":20},"end":{"line":72,"column":1}},"4":{"start":{"line":9,"column":2},"end":{"line":69,"column":5}},"5":{"start":{"line":10,"column":41},"end":{"line":10,"column":51}},"6":{"start":{"line":13,"column":28},"end":{"line":13,"column":70}},"7":{"start":{"line":14,"column":4},"end":{"line":16,"column":5}},"8":{"start":{"line":15,"column":6},"end":{"line":15,"column":51}},"9":{"start":{"line":19,"column":4},"end":{"line":68,"column":5}},"10":{"start":{"line":20,"column":6},"end":{"line":27,"column":11}},"11":{"start":{"line":22,"column":10},"end":{"line":22,"column":49}},"12":{"start":{"line":23,"column":10},"end":{"line":23,"column":50}},"13":{"start":{"line":26,"column":10},"end":{"line":26,"column":45}},"14":{"start":{"line":32,"column":24},"end":{"line":32,"column":39}},"15":{"start":{"line":33,"column":21},"end":{"line":33,"column":23}},"16":{"start":{"line":35,"column":6},"end":{"line":37,"column":9}},"17":{"start":{"line":36,"column":8},"end":{"line":36,"column":55}},"18":{"start":{"line":39,"column":6},"end":{"line":67,"column":11}},"19":{"start":{"line":41,"column":10},"end":{"line":41,"column":60}},"20":{"start":{"line":43,"column":25},"end":{"line":43,"column":27}},"21":{"start":{"line":44,"column":10},"end":{"line":46,"column":13}},"22":{"start":{"line":45,"column":12},"end":{"line":45,"column":37}},"23":{"start":{"line":47,"column":10},"end":{"line":51,"column":11}},"24":{"start":{"line":47,"column":23},"end":{"line":47,"column":24}},"25":{"start":{"line":48,"column":12},"end":{"line":50,"column":15}},"26":{"start":{"line":49,"column":14},"end":{"line":49,"column":39}},"27":{"start":{"line":54,"column":38},"end":{"line":54,"column":40}},"28":{"start":{"line":55,"column":10},"end":{"line":57,"column":11}},"29":{"start":{"line":56,"column":12},"end":{"line":56,"column":57}},"30":{"start":{"line":58,"column":10},"end":{"line":58,"column":69}},"31":{"start":{"line":61,"column":29},"end":{"line":61,"column":84}},"32":{"start":{"line":62,"column":10},"end":{"line":62,"column":47}},"33":{"start":{"line":63,"column":10},"end":{"line":63,"column":56}},"34":{"start":{"line":66,"column":10},"end":{"line":66,"column":45}},"35":{"start":{"line":71,"column":2},"end":{"line":71,"column":16}},"36":{"start":{"line":74,"column":0},"end":{"line":74,"column":29}}},"fnMap":{"0":{"name":"(anonymous_0)","decl":{"start":{"line":6,"column":20},"end":{"line":6,"column":21}},"loc":{"start":{"line":6,"column":29},"end":{"line":72,"column":1}},"line":6},"1":{"name":"(anonymous_1)","decl":{"start":{"line":9,"column":52},"end":{"line":9,"column":53}},"loc":{"start":{"line":9,"column":66},"end":{"line":69,"column":3}},"line":9},"2":{"name":"(anonymous_2)","decl":{"start":{"line":21,"column":14},"end":{"line":21,"column":15}},"loc":{"start":{"line":21,"column":24},"end":{"line":24,"column":9}},"line":21},"3":{"name":"(anonymous_3)","decl":{"start":{"line":25,"column":15},"end":{"line":25,"column":16}},"loc":{"start":{"line":25,"column":22},"end":{"line":27,"column":9}},"line":25},"4":{"name":"(anonymous_4)","decl":{"start":{"line":35,"column":26},"end":{"line":35,"column":27}},"loc":{"start":{"line":35,"column":35},"end":{"line":37,"column":7}},"line":35},"5":{"name":"(anonymous_5)","decl":{"start":{"line":40,"column":14},"end":{"line":40,"column":15}},"loc":{"start":{"line":40,"column":25},"end":{"line":64,"column":9}},"line":40},"6":{"name":"(anonymous_6)","decl":{"start":{"line":44,"column":29},"end":{"line":44,"column":30}},"loc":{"start":{"line":44,"column":37},"end":{"line":46,"column":11}},"line":44},"7":{"name":"(anonymous_7)","decl":{"start":{"line":48,"column":31},"end":{"line":48,"column":32}},"loc":{"start":{"line":48,"column":39},"end":{"line":50,"column":13}},"line":48},"8":{"name":"(anonymous_8)","decl":{"start":{"line":65,"column":15},"end":{"line":65,"column":16}},"loc":{"start":{"line":65,"column":22},"end":{"line":67,"column":9}},"line":65}},"branchMap":{"0":{"loc":{"start":{"line":14,"column":4},"end":{"line":16,"column":5}},"type":"if","locations":[{"start":{"line":14,"column":4},"end":{"line":16,"column":5}},{"start":{},"end":{}}],"line":14},"1":{"loc":{"start":{"line":19,"column":4},"end":{"line":68,"column":5}},"type":"if","locations":[{"start":{"line":19,"column":4},"end":{"line":68,"column":5}},{"start":{"line":28,"column":11},"end":{"line":68,"column":5}}],"line":19}},"s":{"0":1,"1":1,"2":1,"3":1,"4":1,"5":11,"6":11,"7":11,"8":3,"9":8,"10":4,"11":4,"12":4,"13":0,"14":4,"15":4,"16":4,"17":8,"18":4,"19":4,"20":4,"21":4,"22":9,"23":4,"24":4,"25":4,"26":11,"27":4,"28":4,"29":16,"30":4,"31":4,"32":4,"33":4,"34":0,"35":1,"36":1},"f":{"0":1,"1":11,"2":4,"3":0,"4":8,"5":4,"6":9,"7":11,"8":0},"b":{"0":[3,8],"1":[4,4]},"_coverageSchema":"1a1c01bbd47fc00a2c39e90264f33305004495a9","hash":"2465698e9d4e45140264fe195ac1432735241aad"}
,"/Users/veronika/Lighthouse/blogposts_backend_challenge/src/helpers.js": {"path":"/Users/veronika/Lighthouse/blogposts_backend_challenge/src/helpers.js","statementMap":{"0":{"start":{"line":1,"column":14},"end":{"line":1,"column":30}},"1":{"start":{"line":4,"column":16},"end":{"line":24,"column":1}},"2":{"start":{"line":5,"column":12},"end":{"line":5,"column":71}},"3":{"start":{"line":6,"column":2},"end":{"line":8,"column":3}},"4":{"start":{"line":7,"column":4},"end":{"line":7,"column":31}},"5":{"start":{"line":9,"column":2},"end":{"line":11,"column":3}},"6":{"start":{"line":10,"column":4},"end":{"line":10,"column":37}},"7":{"start":{"line":13,"column":2},"end":{"line":23,"column":7}},"8":{"start":{"line":15,"column":17},"end":{"line":15,"column":36}},"9":{"start":{"line":16,"column":6},"end":{"line":16,"column":42}},"10":{"start":{"line":17,"column":6},"end":{"line":19,"column":7}},"11":{"start":{"line":18,"column":8},"end":{"line":18,"column":20}},"12":{"start":{"line":22,"column":6},"end":{"line":22,"column":43}},"13":{"start":{"line":27,"column":22},"end":{"line":36,"column":1}},"14":{"start":{"line":28,"column":2},"end":{"line":34,"column":3}},"15":{"start":{"line":29,"column":4},"end":{"line":33,"column":5}},"16":{"start":{"line":30,"column":6},"end":{"line":30,"column":72}},"17":{"start":{"line":30,"column":33},"end":{"line":30,"column":70}},"18":{"start":{"line":31,"column":11},"end":{"line":33,"column":5}},"19":{"start":{"line":32,"column":6},"end":{"line":32,"column":72}},"20":{"start":{"line":32,"column":33},"end":{"line":32,"column":70}},"21":{"start":{"line":35,"column":2},"end":{"line":35,"column":14}},"22":{"start":{"line":39,"column":26},"end":{"line":54,"column":1}},"23":{"start":{"line":40,"column":28},"end":{"line":40,"column":66}},"24":{"start":{"line":41,"column":31},"end":{"line":41,"column":46}},"25":{"start":{"line":44,"column":2},"end":{"line":46,"column":3}},"26":{"start":{"line":45,"column":4},"end":{"line":45,"column":51}},"27":{"start":{"line":47,"column":2},"end":{"line":49,"column":3}},"28":{"start":{"line":48,"column":4},"end":{"line":48,"column":52}},"29":{"start":{"line":50,"column":2},"end":{"line":52,"column":3}},"30":{"start":{"line":51,"column":4},"end":{"line":51,"column":52}},"31":{"start":{"line":53,"column":2},"end":{"line":53,"column":9}},"32":{"start":{"line":56,"column":0},"end":{"line":56,"column":63}}},"fnMap":{"0":{"name":"(anonymous_0)","decl":{"start":{"line":4,"column":16},"end":{"line":4,"column":17}},"loc":{"start":{"line":4,"column":44},"end":{"line":24,"column":1}},"line":4},"1":{"name":"(anonymous_1)","decl":{"start":{"line":14,"column":10},"end":{"line":14,"column":11}},"loc":{"start":{"line":14,"column":22},"end":{"line":20,"column":5}},"line":14},"2":{"name":"(anonymous_2)","decl":{"start":{"line":21,"column":11},"end":{"line":21,"column":12}},"loc":{"start":{"line":21,"column":18},"end":{"line":23,"column":5}},"line":21},"3":{"name":"(anonymous_3)","decl":{"start":{"line":27,"column":22},"end":{"line":27,"column":23}},"loc":{"start":{"line":27,"column":51},"end":{"line":36,"column":1}},"line":27},"4":{"name":"(anonymous_4)","decl":{"start":{"line":30,"column":23},"end":{"line":30,"column":24}},"loc":{"start":{"line":30,"column":33},"end":{"line":30,"column":70}},"line":30},"5":{"name":"(anonymous_5)","decl":{"start":{"line":32,"column":23},"end":{"line":32,"column":24}},"loc":{"start":{"line":32,"column":33},"end":{"line":32,"column":70}},"line":32},"6":{"name":"(anonymous_6)","decl":{"start":{"line":39,"column":26},"end":{"line":39,"column":27}},"loc":{"start":{"line":39,"column":55},"end":{"line":54,"column":1}},"line":39}},"branchMap":{"0":{"loc":{"start":{"line":6,"column":2},"end":{"line":8,"column":3}},"type":"if","locations":[{"start":{"line":6,"column":2},"end":{"line":8,"column":3}},{"start":{},"end":{}}],"line":6},"1":{"loc":{"start":{"line":9,"column":2},"end":{"line":11,"column":3}},"type":"if","locations":[{"start":{"line":9,"column":2},"end":{"line":11,"column":3}},{"start":{},"end":{}}],"line":9},"2":{"loc":{"start":{"line":17,"column":6},"end":{"line":19,"column":7}},"type":"if","locations":[{"start":{"line":17,"column":6},"end":{"line":19,"column":7}},{"start":{},"end":{}}],"line":17},"3":{"loc":{"start":{"line":28,"column":2},"end":{"line":34,"column":3}},"type":"if","locations":[{"start":{"line":28,"column":2},"end":{"line":34,"column":3}},{"start":{},"end":{}}],"line":28},"4":{"loc":{"start":{"line":29,"column":4},"end":{"line":33,"column":5}},"type":"if","locations":[{"start":{"line":29,"column":4},"end":{"line":33,"column":5}},{"start":{"line":31,"column":11},"end":{"line":33,"column":5}}],"line":29},"5":{"loc":{"start":{"line":29,"column":8},"end":{"line":29,"column":41}},"type":"binary-expr","locations":[{"start":{"line":29,"column":8},"end":{"line":29,"column":17}},{"start":{"line":29,"column":21},"end":{"line":29,"column":41}}],"line":29},"6":{"loc":{"start":{"line":30,"column":33},"end":{"line":30,"column":70}},"type":"cond-expr","locations":[{"start":{"line":30,"column":59},"end":{"line":30,"column":62}},{"start":{"line":30,"column":65},"end":{"line":30,"column":70}}],"line":30},"7":{"loc":{"start":{"line":31,"column":11},"end":{"line":33,"column":5}},"type":"if","locations":[{"start":{"line":31,"column":11},"end":{"line":33,"column":5}},{"start":{},"end":{}}],"line":31},"8":{"loc":{"start":{"line":31,"column":15},"end":{"line":31,"column":61}},"type":"binary-expr","locations":[{"start":{"line":31,"column":15},"end":{"line":31,"column":24}},{"start":{"line":31,"column":28},"end":{"line":31,"column":47}},{"start":{"line":31,"column":51},"end":{"line":31,"column":61}}],"line":31},"9":{"loc":{"start":{"line":32,"column":33},"end":{"line":32,"column":70}},"type":"cond-expr","locations":[{"start":{"line":32,"column":59},"end":{"line":32,"column":62}},{"start":{"line":32,"column":65},"end":{"line":32,"column":70}}],"line":32},"10":{"loc":{"start":{"line":44,"column":2},"end":{"line":46,"column":3}},"type":"if","locations":[{"start":{"line":44,"column":2},"end":{"line":46,"column":3}},{"start":{},"end":{}}],"line":44},"11":{"loc":{"start":{"line":47,"column":2},"end":{"line":49,"column":3}},"type":"if","locations":[{"start":{"line":47,"column":2},"end":{"line":49,"column":3}},{"start":{},"end":{}}],"line":47},"12":{"loc":{"start":{"line":47,"column":6},"end":{"line":47,"column":51}},"type":"binary-expr","locations":[{"start":{"line":47,"column":6},"end":{"line":47,"column":12}},{"start":{"line":47,"column":16},"end":{"line":47,"column":51}}],"line":47},"13":{"loc":{"start":{"line":50,"column":2},"end":{"line":52,"column":3}},"type":"if","locations":[{"start":{"line":50,"column":2},"end":{"line":52,"column":3}},{"start":{},"end":{}}],"line":50},"14":{"loc":{"start":{"line":50,"column":6},"end":{"line":50,"column":60}},"type":"binary-expr","locations":[{"start":{"line":50,"column":6},"end":{"line":50,"column":15}},{"start":{"line":50,"column":19},"end":{"line":50,"column":60}}],"line":50}},"s":{"0":1,"1":1,"2":12,"3":12,"4":9,"5":12,"6":6,"7":12,"8":12,"9":12,"10":12,"11":12,"12":0,"13":1,"14":8,"15":6,"16":2,"17":6,"18":4,"19":4,"20":13,"21":8,"22":1,"23":11,"24":11,"25":11,"26":1,"27":10,"28":1,"29":9,"30":1,"31":8,"32":1},"f":{"0":12,"1":12,"2":0,"3":8,"4":6,"5":13,"6":11},"b":{"0":[9,3],"1":[6,6],"2":[12,0],"3":[6,2],"4":[2,4],"5":[6,4],"6":[3,3],"7":[4,0],"8":[4,2,2],"9":[6,7],"10":[1,10],"11":[1,9],"12":[10,8],"13":[1,8],"14":[9,5]},"_coverageSchema":"1a1c01bbd47fc00a2c39e90264f33305004495a9","hash":"9811997bd4614e6f1598bdd4d1531033c318a889"}
}
