{"/Users/veronika/Lighthouse/blogposts_backend_challenge/routes/posts.js": {"path":"/Users/veronika/Lighthouse/blogposts_backend_challenge/routes/posts.js","statementMap":{"0":{"start":{"line":2,"column":16},"end":{"line":2,"column":34}},"1":{"start":{"line":3,"column":15},"end":{"line":3,"column":31}},"2":{"start":{"line":4,"column":54},"end":{"line":4,"column":79}},"3":{"start":{"line":6,"column":20},"end":{"line":69,"column":1}},"4":{"start":{"line":9,"column":2},"end":{"line":66,"column":5}},"5":{"start":{"line":10,"column":41},"end":{"line":10,"column":51}},"6":{"start":{"line":13,"column":28},"end":{"line":13,"column":70}},"7":{"start":{"line":14,"column":4},"end":{"line":16,"column":5}},"8":{"start":{"line":15,"column":6},"end":{"line":15,"column":51}},"9":{"start":{"line":19,"column":4},"end":{"line":65,"column":5}},"10":{"start":{"line":20,"column":6},"end":{"line":27,"column":11}},"11":{"start":{"line":22,"column":10},"end":{"line":22,"column":49}},"12":{"start":{"line":23,"column":10},"end":{"line":23,"column":50}},"13":{"start":{"line":26,"column":10},"end":{"line":26,"column":45}},"14":{"start":{"line":32,"column":24},"end":{"line":32,"column":39}},"15":{"start":{"line":33,"column":21},"end":{"line":33,"column":23}},"16":{"start":{"line":35,"column":6},"end":{"line":37,"column":9}},"17":{"start":{"line":36,"column":8},"end":{"line":36,"column":55}},"18":{"start":{"line":39,"column":6},"end":{"line":64,"column":11}},"19":{"start":{"line":42,"column":25},"end":{"line":42,"column":27}},"20":{"start":{"line":43,"column":10},"end":{"line":45,"column":13}},"21":{"start":{"line":44,"column":12},"end":{"line":44,"column":37}},"22":{"start":{"line":46,"column":10},"end":{"line":50,"column":11}},"23":{"start":{"line":46,"column":23},"end":{"line":46,"column":24}},"24":{"start":{"line":47,"column":12},"end":{"line":49,"column":15}},"25":{"start":{"line":48,"column":14},"end":{"line":48,"column":39}},"26":{"start":{"line":53,"column":38},"end":{"line":53,"column":40}},"27":{"start":{"line":54,"column":10},"end":{"line":56,"column":11}},"28":{"start":{"line":55,"column":12},"end":{"line":55,"column":57}},"29":{"start":{"line":59,"column":10},"end":{"line":59,"column":66}},"30":{"start":{"line":60,"column":10},"end":{"line":60,"column":67}},"31":{"start":{"line":63,"column":10},"end":{"line":63,"column":45}},"32":{"start":{"line":68,"column":2},"end":{"line":68,"column":16}},"33":{"start":{"line":71,"column":0},"end":{"line":71,"column":29}}},"fnMap":{"0":{"name":"(anonymous_0)","decl":{"start":{"line":6,"column":20},"end":{"line":6,"column":21}},"loc":{"start":{"line":6,"column":29},"end":{"line":69,"column":1}},"line":6},"1":{"name":"(anonymous_1)","decl":{"start":{"line":9,"column":52},"end":{"line":9,"column":53}},"loc":{"start":{"line":9,"column":66},"end":{"line":66,"column":3}},"line":9},"2":{"name":"(anonymous_2)","decl":{"start":{"line":21,"column":14},"end":{"line":21,"column":15}},"loc":{"start":{"line":21,"column":24},"end":{"line":24,"column":9}},"line":21},"3":{"name":"(anonymous_3)","decl":{"start":{"line":25,"column":15},"end":{"line":25,"column":16}},"loc":{"start":{"line":25,"column":22},"end":{"line":27,"column":9}},"line":25},"4":{"name":"(anonymous_4)","decl":{"start":{"line":35,"column":26},"end":{"line":35,"column":27}},"loc":{"start":{"line":35,"column":35},"end":{"line":37,"column":7}},"line":35},"5":{"name":"(anonymous_5)","decl":{"start":{"line":40,"column":14},"end":{"line":40,"column":15}},"loc":{"start":{"line":40,"column":25},"end":{"line":61,"column":9}},"line":40},"6":{"name":"(anonymous_6)","decl":{"start":{"line":43,"column":29},"end":{"line":43,"column":30}},"loc":{"start":{"line":43,"column":37},"end":{"line":45,"column":11}},"line":43},"7":{"name":"(anonymous_7)","decl":{"start":{"line":47,"column":31},"end":{"line":47,"column":32}},"loc":{"start":{"line":47,"column":39},"end":{"line":49,"column":13}},"line":47},"8":{"name":"(anonymous_8)","decl":{"start":{"line":62,"column":15},"end":{"line":62,"column":16}},"loc":{"start":{"line":62,"column":22},"end":{"line":64,"column":9}},"line":62}},"branchMap":{"0":{"loc":{"start":{"line":14,"column":4},"end":{"line":16,"column":5}},"type":"if","locations":[{"start":{"line":14,"column":4},"end":{"line":16,"column":5}},{"start":{},"end":{}}],"line":14},"1":{"loc":{"start":{"line":19,"column":4},"end":{"line":65,"column":5}},"type":"if","locations":[{"start":{"line":19,"column":4},"end":{"line":65,"column":5}},{"start":{"line":28,"column":11},"end":{"line":65,"column":5}}],"line":19}},"s":{"0":1,"1":1,"2":1,"3":1,"4":1,"5":31,"6":31,"7":31,"8":3,"9":28,"10":10,"11":10,"12":10,"13":0,"14":18,"15":18,"16":18,"17":44,"18":18,"19":18,"20":18,"21":522,"22":18,"23":18,"24":26,"25":706,"26":18,"27":18,"28":1065,"29":18,"30":18,"31":0,"32":1,"33":1},"f":{"0":1,"1":31,"2":10,"3":0,"4":44,"5":18,"6":522,"7":706,"8":0},"b":{"0":[3,28],"1":[10,18]},"_coverageSchema":"1a1c01bbd47fc00a2c39e90264f33305004495a9","hash":"e10bab835ee4b9976d8a63b677dab4d1dda2d530"}
,"/Users/veronika/Lighthouse/blogposts_backend_challenge/src/helpers.js": {"path":"/Users/veronika/Lighthouse/blogposts_backend_challenge/src/helpers.js","statementMap":{"0":{"start":{"line":1,"column":14},"end":{"line":1,"column":30}},"1":{"start":{"line":4,"column":16},"end":{"line":15,"column":1}},"2":{"start":{"line":5,"column":2},"end":{"line":14,"column":7}},"3":{"start":{"line":7,"column":17},"end":{"line":7,"column":36}},"4":{"start":{"line":8,"column":6},"end":{"line":10,"column":7}},"5":{"start":{"line":9,"column":8},"end":{"line":9,"column":20}},"6":{"start":{"line":13,"column":6},"end":{"line":13,"column":43}},"7":{"start":{"line":18,"column":22},"end":{"line":27,"column":1}},"8":{"start":{"line":19,"column":2},"end":{"line":25,"column":3}},"9":{"start":{"line":20,"column":4},"end":{"line":24,"column":5}},"10":{"start":{"line":21,"column":6},"end":{"line":21,"column":72}},"11":{"start":{"line":21,"column":33},"end":{"line":21,"column":70}},"12":{"start":{"line":22,"column":11},"end":{"line":24,"column":5}},"13":{"start":{"line":23,"column":6},"end":{"line":23,"column":72}},"14":{"start":{"line":23,"column":33},"end":{"line":23,"column":70}},"15":{"start":{"line":26,"column":2},"end":{"line":26,"column":14}},"16":{"start":{"line":30,"column":26},"end":{"line":45,"column":1}},"17":{"start":{"line":31,"column":28},"end":{"line":31,"column":96}},"18":{"start":{"line":32,"column":31},"end":{"line":32,"column":46}},"19":{"start":{"line":35,"column":2},"end":{"line":37,"column":3}},"20":{"start":{"line":36,"column":4},"end":{"line":36,"column":51}},"21":{"start":{"line":38,"column":2},"end":{"line":40,"column":3}},"22":{"start":{"line":39,"column":4},"end":{"line":39,"column":52}},"23":{"start":{"line":41,"column":2},"end":{"line":43,"column":3}},"24":{"start":{"line":42,"column":4},"end":{"line":42,"column":52}},"25":{"start":{"line":44,"column":2},"end":{"line":44,"column":9}},"26":{"start":{"line":47,"column":0},"end":{"line":47,"column":63}}},"fnMap":{"0":{"name":"(anonymous_0)","decl":{"start":{"line":4,"column":16},"end":{"line":4,"column":17}},"loc":{"start":{"line":4,"column":44},"end":{"line":15,"column":1}},"line":4},"1":{"name":"(anonymous_1)","decl":{"start":{"line":6,"column":10},"end":{"line":6,"column":11}},"loc":{"start":{"line":6,"column":22},"end":{"line":11,"column":5}},"line":6},"2":{"name":"(anonymous_2)","decl":{"start":{"line":12,"column":11},"end":{"line":12,"column":12}},"loc":{"start":{"line":12,"column":18},"end":{"line":14,"column":5}},"line":12},"3":{"name":"(anonymous_3)","decl":{"start":{"line":18,"column":22},"end":{"line":18,"column":23}},"loc":{"start":{"line":18,"column":51},"end":{"line":27,"column":1}},"line":18},"4":{"name":"(anonymous_4)","decl":{"start":{"line":21,"column":23},"end":{"line":21,"column":24}},"loc":{"start":{"line":21,"column":33},"end":{"line":21,"column":70}},"line":21},"5":{"name":"(anonymous_5)","decl":{"start":{"line":23,"column":23},"end":{"line":23,"column":24}},"loc":{"start":{"line":23,"column":33},"end":{"line":23,"column":70}},"line":23},"6":{"name":"(anonymous_6)","decl":{"start":{"line":30,"column":26},"end":{"line":30,"column":27}},"loc":{"start":{"line":30,"column":55},"end":{"line":45,"column":1}},"line":30}},"branchMap":{"0":{"loc":{"start":{"line":8,"column":6},"end":{"line":10,"column":7}},"type":"if","locations":[{"start":{"line":8,"column":6},"end":{"line":10,"column":7}},{"start":{},"end":{}}],"line":8},"1":{"loc":{"start":{"line":19,"column":2},"end":{"line":25,"column":3}},"type":"if","locations":[{"start":{"line":19,"column":2},"end":{"line":25,"column":3}},{"start":{},"end":{}}],"line":19},"2":{"loc":{"start":{"line":20,"column":4},"end":{"line":24,"column":5}},"type":"if","locations":[{"start":{"line":20,"column":4},"end":{"line":24,"column":5}},{"start":{"line":22,"column":11},"end":{"line":24,"column":5}}],"line":20},"3":{"loc":{"start":{"line":20,"column":8},"end":{"line":20,"column":41}},"type":"binary-expr","locations":[{"start":{"line":20,"column":8},"end":{"line":20,"column":17}},{"start":{"line":20,"column":21},"end":{"line":20,"column":41}}],"line":20},"4":{"loc":{"start":{"line":21,"column":33},"end":{"line":21,"column":70}},"type":"cond-expr","locations":[{"start":{"line":21,"column":59},"end":{"line":21,"column":62}},{"start":{"line":21,"column":65},"end":{"line":21,"column":70}}],"line":21},"5":{"loc":{"start":{"line":22,"column":11},"end":{"line":24,"column":5}},"type":"if","locations":[{"start":{"line":22,"column":11},"end":{"line":24,"column":5}},{"start":{},"end":{}}],"line":22},"6":{"loc":{"start":{"line":22,"column":15},"end":{"line":22,"column":61}},"type":"binary-expr","locations":[{"start":{"line":22,"column":15},"end":{"line":22,"column":24}},{"start":{"line":22,"column":28},"end":{"line":22,"column":47}},{"start":{"line":22,"column":51},"end":{"line":22,"column":61}}],"line":22},"7":{"loc":{"start":{"line":23,"column":33},"end":{"line":23,"column":70}},"type":"cond-expr","locations":[{"start":{"line":23,"column":59},"end":{"line":23,"column":62}},{"start":{"line":23,"column":65},"end":{"line":23,"column":70}}],"line":23},"8":{"loc":{"start":{"line":35,"column":2},"end":{"line":37,"column":3}},"type":"if","locations":[{"start":{"line":35,"column":2},"end":{"line":37,"column":3}},{"start":{},"end":{}}],"line":35},"9":{"loc":{"start":{"line":38,"column":2},"end":{"line":40,"column":3}},"type":"if","locations":[{"start":{"line":38,"column":2},"end":{"line":40,"column":3}},{"start":{},"end":{}}],"line":38},"10":{"loc":{"start":{"line":38,"column":6},"end":{"line":38,"column":51}},"type":"binary-expr","locations":[{"start":{"line":38,"column":6},"end":{"line":38,"column":12}},{"start":{"line":38,"column":16},"end":{"line":38,"column":51}}],"line":38},"11":{"loc":{"start":{"line":41,"column":2},"end":{"line":43,"column":3}},"type":"if","locations":[{"start":{"line":41,"column":2},"end":{"line":43,"column":3}},{"start":{},"end":{}}],"line":41},"12":{"loc":{"start":{"line":41,"column":6},"end":{"line":41,"column":60}},"type":"binary-expr","locations":[{"start":{"line":41,"column":6},"end":{"line":41,"column":15}},{"start":{"line":41,"column":19},"end":{"line":41,"column":60}}],"line":41}},"s":{"0":1,"1":1,"2":54,"3":54,"4":54,"5":54,"6":0,"7":1,"8":28,"9":13,"10":5,"11":984,"12":8,"13":8,"14":1653,"15":28,"16":1,"17":31,"18":31,"19":31,"20":1,"21":30,"22":1,"23":29,"24":1,"25":28,"26":1},"f":{"0":54,"1":54,"2":0,"3":28,"4":984,"5":1653,"6":31},"b":{"0":[54,0],"1":[13,15],"2":[5,8],"3":[13,8],"4":[466,518],"5":[8,0],"6":[8,3,5],"7":[739,914],"8":[1,30],"9":[1,29],"10":[30,15],"11":[1,28],"12":[29,9]},"_coverageSchema":"1a1c01bbd47fc00a2c39e90264f33305004495a9","hash":"177929079f8ecb4d4cee8cace28887b3e9542fbe"}
}
