TN:
SF:routes/posts.js
FN:6,(anonymous_0)
FN:9,(anonymous_1)
FN:21,(anonymous_2)
FN:25,(anonymous_3)
FN:36,(anonymous_4)
FN:41,(anonymous_5)
FN:44,(anonymous_6)
FN:48,(anonymous_7)
FN:63,(anonymous_8)
FNF:9
FNH:6
FNDA:1,(anonymous_0)
FNDA:1,(anonymous_1)
FNDA:0,(anonymous_2)
FNDA:0,(anonymous_3)
FNDA:3,(anonymous_4)
FNDA:1,(anonymous_5)
FNDA:1,(anonymous_6)
FNDA:2,(anonymous_7)
FNDA:0,(anonymous_8)
DA:2,1
DA:3,1
DA:4,1
DA:6,1
DA:9,1
DA:10,1
DA:13,1
DA:14,1
DA:15,0
DA:19,1
DA:20,0
DA:22,0
DA:23,0
DA:26,0
DA:32,1
DA:33,1
DA:34,1
DA:36,1
DA:37,3
DA:40,1
DA:43,1
DA:44,1
DA:45,1
DA:47,1
DA:48,2
DA:49,2
DA:54,1
DA:55,1
DA:56,1
DA:60,1
DA:61,1
DA:64,0
DA:69,1
DA:72,1
LF:34
LH:28
BRDA:14,0,0,0
BRDA:14,0,1,1
BRDA:19,1,0,0
BRDA:19,1,1,1
BRF:4
BRH:2
end_of_record
TN:
SF:src/helpers.js
FN:4,(anonymous_0)
FN:14,(anonymous_1)
FN:21,(anonymous_2)
FN:27,(anonymous_3)
FN:30,(anonymous_4)
FN:32,(anonymous_5)
FN:39,(anonymous_6)
FNF:7
FNH:4
FNDA:3,(anonymous_0)
FNDA:3,(anonymous_1)
FNDA:0,(anonymous_2)
FNDA:1,(anonymous_3)
FNDA:0,(anonymous_4)
FNDA:0,(anonymous_5)
FNDA:1,(anonymous_6)
DA:1,1
DA:4,1
DA:5,3
DA:6,3
DA:7,0
DA:9,3
DA:10,0
DA:12,3
DA:13,3
DA:15,3
DA:16,3
DA:17,3
DA:18,3
DA:22,0
DA:27,1
DA:28,1
DA:29,0
DA:30,0
DA:31,0
DA:32,0
DA:35,1
DA:39,1
DA:40,1
DA:41,1
DA:44,1
DA:45,0
DA:47,1
DA:48,0
DA:50,1
DA:51,0
DA:53,1
DA:56,1
LF:32
LH:22
BRDA:6,0,0,0
BRDA:6,0,1,3
BRDA:9,1,0,0
BRDA:9,1,1,3
BRDA:17,2,0,3
BRDA:17,2,1,0
BRDA:28,3,0,0
BRDA:28,3,1,1
BRDA:29,4,0,0
BRDA:29,4,1,0
BRDA:29,5,0,0
BRDA:29,5,1,0
BRDA:30,6,0,0
BRDA:30,6,1,0
BRDA:31,7,0,0
BRDA:31,7,1,0
BRDA:31,8,0,0
BRDA:31,8,1,0
BRDA:31,8,2,0
BRDA:32,9,0,0
BRDA:32,9,1,0
BRDA:44,10,0,0
BRDA:44,10,1,1
BRDA:47,11,0,0
BRDA:47,11,1,1
BRDA:47,12,0,1
BRDA:47,12,1,0
BRDA:50,13,0,0
BRDA:50,13,1,1
BRDA:50,14,0,1
BRDA:50,14,1,0
BRF:31
BRH:9
end_of_record
