TN:
SF:routes/posts.js
FN:6,(anonymous_0)
FN:9,(anonymous_1)
FN:21,(anonymous_2)
FN:25,(anonymous_3)
FN:35,(anonymous_4)
FN:40,(anonymous_5)
FN:43,(anonymous_6)
FN:47,(anonymous_7)
FN:62,(anonymous_8)
FNF:9
FNH:6
FNDA:1,(anonymous_0)
FNDA:1,(anonymous_1)
FNDA:0,(anonymous_2)
FNDA:0,(anonymous_3)
FNDA:2,(anonymous_4)
FNDA:1,(anonymous_5)
FNDA:3,(anonymous_6)
FNDA:2,(anonymous_7)
FNDA:0,(anonymous_8)
DA:2,1
DA:3,1
DA:4,1
DA:6,1
DA:9,1
DA:10,1
DA:13,1
DA:14,1
DA:15,0
DA:19,1
DA:20,0
DA:22,0
DA:23,0
DA:26,0
DA:32,1
DA:33,1
DA:35,1
DA:36,2
DA:39,1
DA:42,1
DA:43,1
DA:44,3
DA:46,1
DA:47,1
DA:48,2
DA:53,1
DA:54,1
DA:55,4
DA:59,1
DA:60,1
DA:63,0
DA:68,1
DA:71,1
LF:33
LH:27
BRDA:14,0,0,0
BRDA:14,0,1,1
BRDA:19,1,0,0
BRDA:19,1,1,1
BRF:4
BRH:2
end_of_record
TN:
SF:src/helpers.js
FN:4,(anonymous_0)
FN:13,(anonymous_1)
FN:20,(anonymous_2)
FN:26,(anonymous_3)
FN:29,(anonymous_4)
FN:31,(anonymous_5)
FN:38,(anonymous_6)
FNF:7
FNH:4
FNDA:2,(anonymous_0)
FNDA:2,(anonymous_1)
FNDA:0,(anonymous_2)
FNDA:1,(anonymous_3)
FNDA:0,(anonymous_4)
FNDA:0,(anonymous_5)
FNDA:1,(anonymous_6)
DA:1,1
DA:4,1
DA:5,2
DA:6,2
DA:7,0
DA:9,2
DA:10,0
DA:12,2
DA:14,2
DA:15,2
DA:16,2
DA:17,2
DA:21,0
DA:26,1
DA:27,1
DA:28,0
DA:29,0
DA:30,0
DA:31,0
DA:34,1
DA:38,1
DA:39,1
DA:40,1
DA:43,1
DA:44,0
DA:46,1
DA:47,0
DA:49,1
DA:50,0
DA:52,1
DA:55,1
LF:31
LH:21
BRDA:6,0,0,0
BRDA:6,0,1,2
BRDA:9,1,0,0
BRDA:9,1,1,2
BRDA:16,2,0,2
BRDA:16,2,1,0
BRDA:27,3,0,0
BRDA:27,3,1,1
BRDA:28,4,0,0
BRDA:28,4,1,0
BRDA:28,5,0,0
BRDA:28,5,1,0
BRDA:29,6,0,0
BRDA:29,6,1,0
BRDA:30,7,0,0
BRDA:30,7,1,0
BRDA:30,8,0,0
BRDA:30,8,1,0
BRDA:30,8,2,0
BRDA:31,9,0,0
BRDA:31,9,1,0
BRDA:43,10,0,0
BRDA:43,10,1,1
BRDA:46,11,0,0
BRDA:46,11,1,1
BRDA:46,12,0,1
BRDA:46,12,1,0
BRDA:49,13,0,0
BRDA:49,13,1,1
BRDA:49,14,0,1
BRDA:49,14,1,0
BRF:31
BRH:9
end_of_record
